<?xml version="1.0" encoding="UTF-8"?>
<!-- Generated by org.testng.reporters.JUnitReportReporter -->
<testsuite hostname="NARENDRA-DOL" failures="0" tests="1" name="mypackage.NewTest" time="0.010" errors="0" timestamp="2025-06-21T08:58:14 IST" skipped="0">
  <testcase classname="mypackage.NewTest" name="f" time="0.010"/>
</testsuite> <!-- mypackage.NewTest -->
