<?xml version="1.0" encoding="UTF-8"?>
<!-- Generated by org.testng.reporters.JUnitReportReporter -->
<testsuite hostname="NARENDRA-DOL" failures="0" tests="1" name="mypackage.NewTest" time="0.036" errors="0" timestamp="2025-06-23T15:28:35 IST" skipped="0">
  <testcase classname="mypackage.NewTest" name="DemoTest" time="0.036"/>
</testsuite> <!-- mypackage.NewTest -->
